<?xml version="1.0" encoding="UTF-8"?>
<!-- Generated by org.testng.reporters.JUnitReportReporter -->
<testsuite skipped="0" hostname="sundarmala" name="org.test.SampleCrossBrowser" tests="2" failures="0" timestamp="16 Sep 2021 10:49:39 GMT" time="35.683" errors="0">
  <testcase name="tc1" time="14.756" classname="org.test.SampleCrossBrowser"/>
  <testcase name="tc1" time="20.927" classname="org.test.SampleCrossBrowser"/>
</testsuite> <!-- org.test.SampleCrossBrowser -->
