<?xml version="1.0" encoding="UTF-8"?>
<!-- Generated by org.testng.reporters.JUnitReportReporter -->
<testsuite skipped="0" hostname="sundarmala" name="org.test.SampleTestng" tests="1" failures="0" timestamp="07 Sep 2021 09:09:29 GMT" time="0.003" errors="0">
  <testcase name="tc1" time="0.003" classname="org.test.SampleTestng"/>
</testsuite> <!-- org.test.SampleTestng -->
