<?xml version="1.0" encoding="UTF-8"?>
<!-- Generated by org.testng.reporters.JUnitReportReporter -->
<testsuite skipped="0" hostname="sundarmala" name="org.test.TestngQno4" tests="2" failures="0" timestamp="12 Sep 2021 15:22:54 GMT" time="5.921" errors="0">
  <testcase name="tc1" time="5.728" classname="org.test.TestngQno4"/>
  <testcase name="tc1" time="0.193" classname="org.test.TestngQno4"/>
</testsuite> <!-- org.test.TestngQno4 -->
