<?xml version="1.0" encoding="UTF-8"?>
<!-- Generated by org.testng.reporters.JUnitReportReporter -->
<testsuite skipped="0" hostname="sundarmala" name="org.test.GroupSample" tests="2" failures="0" timestamp="13 Sep 2021 17:16:42 GMT" time="0.022" errors="0">
  <testcase name="tc2" time="0.016" classname="org.test.GroupSample"/>
  <testcase name="tc4" time="0.006" classname="org.test.GroupSample"/>
</testsuite> <!-- org.test.GroupSample -->
