<?xml version="1.0" encoding="UTF-8"?>
<!-- Generated by org.testng.reporters.JUnitReportReporter -->
<testsuite skipped="1" hostname="sundarmala" name="org.test.TestngQno1$SampleTestng" tests="2" failures="0" timestamp="07 Sep 2021 13:14:12 GMT" time="9.942" errors="0">
  <testcase name="tc1" time="9.942" classname="org.test.TestngQno1$SampleTestng"/>
  <testcase name="tc2" classname="org.test.TestngQno1$SampleTestng">
    <skipped/>
  </testcase> <!-- tc2 -->
</testsuite> <!-- org.test.TestngQno1$SampleTestng -->
