<?xml version="1.0" encoding="UTF-8"?>
<!-- Generated by org.testng.reporters.JUnitReportReporter -->
<testsuite skipped="0" hostname="sundarmala" name="org.test.TestngQno1" tests="1" failures="0" timestamp="16 Sep 2021 09:34:58 GMT" time="8.604" errors="0">
  <testcase name="tc1" time="8.604" classname="org.test.TestngQno1"/>
</testsuite> <!-- org.test.TestngQno1 -->
