<?xml version="1.0" encoding="UTF-8"?>
<!-- Generated by org.testng.reporters.JUnitReportReporter -->
<testsuite skipped="0" hostname="sundarmala" name="org.test.TaskFbAcc" tests="1" failures="0" timestamp="15 Sep 2021 10:33:59 GMT" time="16.259" errors="0">
  <testcase name="tc1" time="16.259" classname="org.test.TaskFbAcc"/>
</testsuite> <!-- org.test.TaskFbAcc -->
